{
  message: 'MongoDB connected',
  level: 'info',
  timestamp: '06-12-2025 10:52:58'
}
{
  message: 'Server running on port http://localhost:5000',
  level: 'info',
  timestamp: '06-12-2025 10:52:58'
}
{
  message: '_________________________',
  level: 'info',
  timestamp: '06-12-2025 10:52:58'
}
{
  message: 'Redis has been connected',
  level: 'info',
  timestamp: '06-12-2025 10:53:00'
}
{
  message: 'MongoDB connected',
  level: 'info',
  timestamp: '06-12-2025 10:53:13'
}
{
  message: 'Server running on port http://localhost:5000',
  level: 'info',
  timestamp: '06-12-2025 10:53:13'
}
{
  message: '_________________________',
  level: 'info',
  timestamp: '06-12-2025 10:53:13'
}
{
  message: 'Redis has been connected',
  level: 'info',
  timestamp: '06-12-2025 10:53:14'
}
{
  level: 'error',
  message: '❌ Failed to edit PDF: fetch failed',
  stack: 'TypeError: fetch failed\n' +
    '    at node:internal/deps/undici/undici:13510:13\n' +
    '    at process.processTicksAndRejections (node:internal/process/task_queues:105:5)\n' +
    '    at async generateRegistrationPDF (D:\\Projects\\IT Learning\\lifelineit-back\\utils\\registrationTemplate.js:77:22)\n' +
    '    at async exports.registrationController (D:\\Projects\\IT Learning\\lifelineit-back\\controllers\\dashboard\\registration.controller.js:89:23)',
  cause: Error: getaddrinfo ENOTFOUND cdn.example.com
      at GetAddrInfoReqWrap.onlookupall [as oncomplete] (node:dns:122:26) {
    errno: -3008,
    code: 'ENOTFOUND',
    syscall: 'getaddrinfo',
    hostname: 'cdn.example.com'
  },
  timestamp: '06-12-2025 10:53:19'
}
{
  status: 422,
  level: 'error',
  message: 'fetch failed. Please check your data.',
  stack: 'Error: fetch failed. Please check your data.\n' +
    '    at exports.registrationController (D:\\Projects\\IT Learning\\lifelineit-back\\controllers\\dashboard\\registration.controller.js:105:27)\n' +
    '    at process.processTicksAndRejections (node:internal/process/task_queues:105:5)',
  timestamp: '06-12-2025 10:53:19'
}
{
  message: 'MongoDB connected',
  level: 'info',
  timestamp: '06-12-2025 10:55:30'
}
{
  message: 'Server running on port http://localhost:5000',
  level: 'info',
  timestamp: '06-12-2025 10:55:30'
}
{
  message: '_________________________',
  level: 'info',
  timestamp: '06-12-2025 10:55:30'
}
{
  message: 'Redis has been connected',
  level: 'info',
  timestamp: '06-12-2025 10:55:30'
}
{
  message: 'MongoDB connected',
  level: 'info',
  timestamp: '06-12-2025 10:55:40'
}
{
  message: 'Server running on port http://localhost:5000',
  level: 'info',
  timestamp: '06-12-2025 10:55:40'
}
{
  message: '_________________________',
  level: 'info',
  timestamp: '06-12-2025 10:55:40'
}
{
  message: 'Redis has been connected',
  level: 'info',
  timestamp: '06-12-2025 10:55:40'
}
{
  message: 'MongoDB connected',
  level: 'info',
  timestamp: '06-12-2025 10:55:43'
}
{
  message: 'Server running on port http://localhost:5000',
  level: 'info',
  timestamp: '06-12-2025 10:55:43'
}
{
  message: '_________________________',
  level: 'info',
  timestamp: '06-12-2025 10:55:43'
}
{
  message: 'Redis has been connected',
  level: 'info',
  timestamp: '06-12-2025 10:55:44'
}
{
  message: 'MongoDB connected',
  level: 'info',
  timestamp: '06-12-2025 10:55:45'
}
{
  message: 'Server running on port http://localhost:5000',
  level: 'info',
  timestamp: '06-12-2025 10:55:45'
}
{
  message: '_________________________',
  level: 'info',
  timestamp: '06-12-2025 10:55:45'
}
{
  message: 'Redis has been connected',
  level: 'info',
  timestamp: '06-12-2025 10:55:45'
}
{
  message: 'MongoDB connected',
  level: 'info',
  timestamp: '06-12-2025 10:55:48'
}
{
  message: 'Server running on port http://localhost:5000',
  level: 'info',
  timestamp: '06-12-2025 10:55:48'
}
{
  message: '_________________________',
  level: 'info',
  timestamp: '06-12-2025 10:55:48'
}
{
  message: 'Redis has been connected',
  level: 'info',
  timestamp: '06-12-2025 10:55:48'
}
{
  message: 'MongoDB connected',
  level: 'info',
  timestamp: '06-12-2025 10:57:12'
}
{
  message: 'Server running on port http://localhost:5000',
  level: 'info',
  timestamp: '06-12-2025 10:57:12'
}
{
  message: '_________________________',
  level: 'info',
  timestamp: '06-12-2025 10:57:12'
}
{
  message: 'Redis has been connected',
  level: 'info',
  timestamp: '06-12-2025 10:57:13'
}
{
  message: 'MongoDB connected',
  level: 'info',
  timestamp: '06-12-2025 10:57:17'
}
{
  message: 'Server running on port http://localhost:5000',
  level: 'info',
  timestamp: '06-12-2025 10:57:17'
}
{
  message: '_________________________',
  level: 'info',
  timestamp: '06-12-2025 10:57:17'
}
{
  message: 'Redis has been connected',
  level: 'info',
  timestamp: '06-12-2025 10:57:18'
}
{
  message: 'MongoDB connected',
  level: 'info',
  timestamp: '06-12-2025 10:57:20'
}
{
  message: 'Server running on port http://localhost:5000',
  level: 'info',
  timestamp: '06-12-2025 10:57:20'
}
{
  message: '_________________________',
  level: 'info',
  timestamp: '06-12-2025 10:57:20'
}
{
  message: 'Redis has been connected',
  level: 'info',
  timestamp: '06-12-2025 10:57:20'
}
{
  message: 'MongoDB connected',
  level: 'info',
  timestamp: '06-12-2025 10:57:24'
}
{
  message: 'Server running on port http://localhost:5000',
  level: 'info',
  timestamp: '06-12-2025 10:57:24'
}
{
  message: '_________________________',
  level: 'info',
  timestamp: '06-12-2025 10:57:24'
}
{
  message: 'Redis has been connected',
  level: 'info',
  timestamp: '06-12-2025 10:57:25'
}
{
  message: 'MongoDB connected',
  level: 'info',
  timestamp: '06-12-2025 10:57:29'
}
{
  message: 'Server running on port http://localhost:5000',
  level: 'info',
  timestamp: '06-12-2025 10:57:29'
}
{
  message: '_________________________',
  level: 'info',
  timestamp: '06-12-2025 10:57:29'
}
{
  message: 'Redis has been connected',
  level: 'info',
  timestamp: '06-12-2025 10:57:29'
}
{
  level: 'error',
  message: 'Unsupported image format. Only JPEG and PNG are allowed.',
  stack: 'Error: Unsupported image format. Only JPEG and PNG are allowed.\n' +
    '    at generateCertificate (D:\\Projects\\IT Learning\\lifelineit-back\\utils\\certificateTemplate.js:68:13)\n' +
    '    at process.processTicksAndRejections (node:internal/process/task_queues:105:5)\n' +
    '    at async exports.certificateController (D:\\Projects\\IT Learning\\lifelineit-back\\controllers\\dashboard\\certificate.controller.js:119:23)',
  timestamp: '06-12-2025 11:01:02'
}
{
  status: 422,
  level: 'error',
  message: 'Unsupported image format. Only JPEG and PNG are allowed. Please Cross check your Course Data',
  stack: 'Error: Unsupported image format. Only JPEG and PNG are allowed. Please Cross check your Course Data\n' +
    '    at exports.certificateController (D:\\Projects\\IT Learning\\lifelineit-back\\controllers\\dashboard\\certificate.controller.js:141:27)\n' +
    '    at process.processTicksAndRejections (node:internal/process/task_queues:105:5)',
  timestamp: '06-12-2025 11:01:02'
}
{
  message: 'MongoDB connected',
  level: 'info',
  timestamp: '06-12-2025 11:08:06'
}
{
  message: 'Server running on port http://localhost:5000',
  level: 'info',
  timestamp: '06-12-2025 11:08:06'
}
{
  message: '_________________________',
  level: 'info',
  timestamp: '06-12-2025 11:08:06'
}
{
  message: 'MongoDB connected',
  level: 'info',
  timestamp: '06-12-2025 11:08:07'
}
{
  message: 'Server running on port http://localhost:5000',
  level: 'info',
  timestamp: '06-12-2025 11:08:07'
}
{
  message: '_________________________',
  level: 'info',
  timestamp: '06-12-2025 11:08:07'
}
{
  message: 'Redis has been connected',
  level: 'info',
  timestamp: '06-12-2025 11:08:07'
}
{
  level: 'error',
  message: 'Unsupported image format. Only JPEG and PNG are allowed.',
  stack: 'Error: Unsupported image format. Only JPEG and PNG are allowed.\n' +
    '    at generateCertificate (D:\\Projects\\IT Learning\\lifelineit-back\\utils\\certificateTemplate.js:68:13)\n' +
    '    at process.processTicksAndRejections (node:internal/process/task_queues:105:5)\n' +
    '    at async exports.certificateController (D:\\Projects\\IT Learning\\lifelineit-back\\controllers\\dashboard\\certificate.controller.js:117:23)',
  timestamp: '06-12-2025 11:08:11'
}
{
  status: 422,
  level: 'error',
  message: 'Unsupported image format. Only JPEG and PNG are allowed. Please Cross check your Course Data',
  stack: 'Error: Unsupported image format. Only JPEG and PNG are allowed. Please Cross check your Course Data\n' +
    '    at exports.certificateController (D:\\Projects\\IT Learning\\lifelineit-back\\controllers\\dashboard\\certificate.controller.js:139:27)\n' +
    '    at process.processTicksAndRejections (node:internal/process/task_queues:105:5)',
  timestamp: '06-12-2025 11:08:11'
}
{
  message: 'MongoDB connected',
  level: 'info',
  timestamp: '06-12-2025 11:09:14'
}
{
  message: 'Server running on port http://localhost:5000',
  level: 'info',
  timestamp: '06-12-2025 11:09:14'
}
{
  message: '_________________________',
  level: 'info',
  timestamp: '06-12-2025 11:09:14'
}
{
  message: 'Redis has been connected',
  level: 'info',
  timestamp: '06-12-2025 11:09:14'
}
{
  message: 'MongoDB connected',
  level: 'info',
  timestamp: '06-12-2025 11:09:18'
}
{
  message: 'Server running on port http://localhost:5000',
  level: 'info',
  timestamp: '06-12-2025 11:09:18'
}
{
  message: '_________________________',
  level: 'info',
  timestamp: '06-12-2025 11:09:18'
}
{
  message: 'Redis has been connected',
  level: 'info',
  timestamp: '06-12-2025 11:09:18'
}
{
  message: 'MongoDB connected',
  level: 'info',
  timestamp: '06-12-2025 11:09:36'
}
{
  message: 'Server running on port http://localhost:5000',
  level: 'info',
  timestamp: '06-12-2025 11:09:36'
}
{
  message: '_________________________',
  level: 'info',
  timestamp: '06-12-2025 11:09:36'
}
{
  message: 'Redis has been connected',
  level: 'info',
  timestamp: '06-12-2025 11:09:37'
}
{
  message: 'MongoDB connected',
  level: 'info',
  timestamp: '06-12-2025 11:09:38'
}
{
  message: 'Server running on port http://localhost:5000',
  level: 'info',
  timestamp: '06-12-2025 11:09:38'
}
{
  message: '_________________________',
  level: 'info',
  timestamp: '06-12-2025 11:09:38'
}
{
  message: 'Redis has been connected',
  level: 'info',
  timestamp: '06-12-2025 11:09:38'
}
{
  message: 'MongoDB connected',
  level: 'info',
  timestamp: '06-12-2025 11:09:39'
}
{
  message: 'Server running on port http://localhost:5000',
  level: 'info',
  timestamp: '06-12-2025 11:09:39'
}
{
  message: '_________________________',
  level: 'info',
  timestamp: '06-12-2025 11:09:39'
}
{
  message: 'Redis has been connected',
  level: 'info',
  timestamp: '06-12-2025 11:09:39'
}
{
  message: 'MongoDB connected',
  level: 'info',
  timestamp: '06-12-2025 11:09:43'
}
{
  message: 'Server running on port http://localhost:5000',
  level: 'info',
  timestamp: '06-12-2025 11:09:43'
}
{
  message: '_________________________',
  level: 'info',
  timestamp: '06-12-2025 11:09:43'
}
{
  message: 'Redis has been connected',
  level: 'info',
  timestamp: '06-12-2025 11:09:43'
}
{
  message: 'MongoDB connected',
  level: 'info',
  timestamp: '06-12-2025 11:09:48'
}
{
  message: 'Server running on port http://localhost:5000',
  level: 'info',
  timestamp: '06-12-2025 11:09:48'
}
{
  message: '_________________________',
  level: 'info',
  timestamp: '06-12-2025 11:09:48'
}
{
  message: 'Redis has been connected',
  level: 'info',
  timestamp: '06-12-2025 11:09:49'
}
{
  message: 'MongoDB connected',
  level: 'info',
  timestamp: '06-12-2025 11:09:52'
}
{
  message: 'Server running on port http://localhost:5000',
  level: 'info',
  timestamp: '06-12-2025 11:09:52'
}
{
  message: '_________________________',
  level: 'info',
  timestamp: '06-12-2025 11:09:52'
}
{
  message: 'Redis has been connected',
  level: 'info',
  timestamp: '06-12-2025 11:09:52'
}
{
  message: 'MongoDB connected',
  level: 'info',
  timestamp: '06-12-2025 11:09:54'
}
{
  message: 'Server running on port http://localhost:5000',
  level: 'info',
  timestamp: '06-12-2025 11:09:54'
}
{
  message: '_________________________',
  level: 'info',
  timestamp: '06-12-2025 11:09:54'
}
{
  message: 'Redis has been connected',
  level: 'info',
  timestamp: '06-12-2025 11:09:54'
}
{
  level: 'error',
  message: 'Error sending SMS:',
  timestamp: '06-12-2025 11:18:35'
}
{
  message: 'MongoDB connected',
  level: 'info',
  timestamp: '06-12-2025 11:21:38'
}
{
  message: 'Server running on port http://localhost:5000',
  level: 'info',
  timestamp: '06-12-2025 11:21:38'
}
{
  message: '_________________________',
  level: 'info',
  timestamp: '06-12-2025 11:21:38'
}
{
  message: 'MongoDB connected',
  level: 'info',
  timestamp: '06-12-2025 11:21:40'
}
{
  message: 'Server running on port http://localhost:5000',
  level: 'info',
  timestamp: '06-12-2025 11:21:40'
}
{
  message: '_________________________',
  level: 'info',
  timestamp: '06-12-2025 11:21:40'
}
{
  message: 'Redis has been connected',
  level: 'info',
  timestamp: '06-12-2025 11:21:40'
}
{
  message: 'MongoDB connected',
  level: 'info',
  timestamp: '06-12-2025 11:21:53'
}
{
  message: 'Server running on port http://localhost:5000',
  level: 'info',
  timestamp: '06-12-2025 11:21:53'
}
{
  message: '_________________________',
  level: 'info',
  timestamp: '06-12-2025 11:21:53'
}
{
  message: 'Redis has been connected',
  level: 'info',
  timestamp: '06-12-2025 11:21:54'
}
{
  message: 'MongoDB connected',
  level: 'info',
  timestamp: '06-12-2025 11:21:57'
}
{
  message: 'Server running on port http://localhost:5000',
  level: 'info',
  timestamp: '06-12-2025 11:21:57'
}
{
  message: '_________________________',
  level: 'info',
  timestamp: '06-12-2025 11:21:57'
}
{
  message: 'Redis has been connected',
  level: 'info',
  timestamp: '06-12-2025 11:21:57'
}
{
  message: 'MongoDB connected',
  level: 'info',
  timestamp: '06-12-2025 11:22:01'
}
{
  message: 'Server running on port http://localhost:5000',
  level: 'info',
  timestamp: '06-12-2025 11:22:01'
}
{
  message: '_________________________',
  level: 'info',
  timestamp: '06-12-2025 11:22:01'
}
{
  message: 'Redis has been connected',
  level: 'info',
  timestamp: '06-12-2025 11:22:02'
}
{
  message: 'MongoDB connected',
  level: 'info',
  timestamp: '06-12-2025 11:22:17'
}
{
  message: 'Server running on port http://localhost:5000',
  level: 'info',
  timestamp: '06-12-2025 11:22:17'
}
{
  message: '_________________________',
  level: 'info',
  timestamp: '06-12-2025 11:22:17'
}
{
  message: 'Redis has been connected',
  level: 'info',
  timestamp: '06-12-2025 11:22:17'
}
{
  message: 'Redis has been connected',
  level: 'info',
  timestamp: '06-12-2025 12:13:06'
}
{
  message: 'MongoDB connected',
  level: 'info',
  timestamp: '06-12-2025 12:13:07'
}
{
  message: 'Server running on port http://localhost:5000',
  level: 'info',
  timestamp: '06-12-2025 12:13:07'
}
{
  message: '_________________________',
  level: 'info',
  timestamp: '06-12-2025 12:13:07'
}
{
  message: 'Redis has been connected',
  level: 'info',
  timestamp: '06-12-2025 12:14:45'
}
{
  message: 'MongoDB connected',
  level: 'info',
  timestamp: '06-12-2025 12:14:46'
}
{
  message: 'Server running on port http://localhost:5000',
  level: 'info',
  timestamp: '06-12-2025 12:14:46'
}
{
  message: '_________________________',
  level: 'info',
  timestamp: '06-12-2025 12:14:46'
}
